\BOOKMARK [1][-]{Doc-Start}{\376\377\006\064\006\103\006\061\000\040\006\110\006\045\006\107\006\057\006\047\006\041}{}% 1
\BOOKMARK [0][-]{chapter.1}{\376\377\006\105\006\057\006\056\006\104\000\040\006\045\006\104\006\111\000\040\000L\000a\000T\000e\000X}{}% 2
\BOOKMARK [1][-]{section.1.1}{\376\377\006\105\006\047\000\040\006\107\006\110\000\040\000L\000a\000T\000e\000X\006\037}{chapter.1}% 3
\BOOKMARK [1][-]{section.1.2}{\376\377\000L\000a\000T\000e\000X\000\040\006\110\006\105\006\071\006\047\006\104\006\054\006\047\006\052\000\040\006\047\006\104\006\106\006\065\006\110\006\065}{chapter.1}% 4
\BOOKMARK [1][-]{section.1.3}{\376\377\006\052\006\053\006\050\006\112\006\052\000\040\006\047\006\104\006\050\006\061\006\106\006\047\006\105\006\054}{chapter.1}% 5
\BOOKMARK [2][-]{subsection.1.3.1}{\376\377\006\071\006\104\006\111\000\040\006\047\006\104\006\110\006\112\006\106\006\057\006\110\006\062}{section.1.3}% 6
\BOOKMARK [2][-]{subsection.1.3.2}{\376\377\006\071\006\104\006\111\000\040\006\047\006\104\006\100\000\040\000M\000a\000c}{section.1.3}% 7
\BOOKMARK [2][-]{subsection.1.3.3}{\376\377\006\071\006\104\006\111\000\040\006\104\006\112\006\106\006\103\006\063}{section.1.3}% 8
\BOOKMARK [1][-]{section.1.4}{\376\377\006\105\006\061\006\055\006\050\006\047\000\040\006\050\006\047\006\104\006\071\006\047\006\104\006\105\000\040\006\105\006\071\000\040\000L\000a\000T\000e\000X}{chapter.1}% 9
\BOOKMARK [1][-]{section.1.5}{\376\377\006\047\006\104\006\056\006\104\006\047\006\065\006\051}{chapter.1}% 10
\BOOKMARK [0][-]{chapter.2}{\376\377\006\047\006\104\006\052\006\106\006\063\006\112\006\102\000\040\006\110\006\047\006\104\006\052\006\102\006\063\006\112\006\105\000\040\006\110\006\047\006\104\006\052\006\056\006\067\006\112\006\067}{}% 11
\BOOKMARK [1][-]{section.2.1}{\376\377\006\047\006\104\006\052\006\056\006\067\006\112\006\067\000\040\006\047\006\104\006\043\006\063\006\047\006\063\006\112\000\040\006\104\006\104\006\110\006\053\006\047\006\046\006\102}{chapter.2}% 12
\BOOKMARK [1][-]{section.2.2}{\376\377\006\047\006\104\006\052\006\106\006\063\006\112\006\102}{chapter.2}% 13
\BOOKMARK [2][-]{subsection.2.2.1}{\376\377\006\052\006\106\006\063\006\112\006\102\000\040\006\047\006\104\006\106\006\065\006\110\006\065}{section.2.2}% 14
\BOOKMARK [2][-]{subsection.2.2.2}{\376\377\006\052\006\106\006\063\006\112\006\102\000\040\006\047\006\104\006\101\006\102\006\061\006\047\006\052}{section.2.2}% 15
\BOOKMARK [2][-]{subsection.2.2.3}{\376\377\006\052\006\106\006\063\006\112\006\102\000\040\006\047\006\104\006\043\006\104\006\110\006\047\006\106}{section.2.2}% 16
\BOOKMARK [2][-]{subsection.2.2.4}{\376\377\006\047\006\104\006\061\006\110\006\047\006\050\006\067}{section.2.2}% 17
\BOOKMARK [1][-]{section.2.3}{\376\377\006\047\006\104\006\056\006\067\006\110\006\067}{chapter.2}% 18
\BOOKMARK [1][-]{section.2.4}{\376\377\006\047\006\104\006\054\006\057\006\047\006\110\006\104}{chapter.2}% 19
\BOOKMARK [1][-]{section.2.5}{\376\377\006\047\006\104\006\065\006\110\006\061\000\040\006\110\006\047\006\104\006\061\006\063\006\110\006\105\006\047\006\052}{chapter.2}% 20
\BOOKMARK [1][-]{section.2.6}{\376\377\006\047\006\104\006\052\006\060\006\112\006\112\006\104\000\040\006\110\006\047\006\104\006\052\006\060\006\112\006\112\006\104\000\040\006\047\006\104\006\054\006\047\006\106\006\050\006\112}{chapter.2}% 21
\BOOKMARK [1][-]{section.2.7}{\376\377\006\047\006\104\006\071\006\104\006\047\006\105\006\047\006\052\000\040\006\110\006\047\006\104\006\045\006\064\006\047\006\061\006\047\006\052\000\040\006\047\006\104\006\105\006\061\006\054\006\071\006\112\006\051}{chapter.2}% 22
\BOOKMARK [0][-]{chapter.3}{\376\377\006\052\006\065\006\105\006\112\006\105\000\040\006\047\006\104\006\065\006\101\006\055\006\047\006\052}{}% 23
\BOOKMARK [1][-]{section.3.1}{\376\377\006\047\006\104\006\107\006\110\006\047\006\105\006\064\000\040\000M\000a\000r\000g\000i\000n\000s}{chapter.3}% 24
\BOOKMARK [2][-]{subsection.3.1.1}{\376\377\006\047\006\104\006\065\006\101\006\055\006\047\006\052\000\040\006\105\006\052\006\071\006\057\006\057\006\051\000\040\006\047\006\104\006\043\006\071\006\105\006\057\006\051}{section.3.1}% 25
\BOOKMARK [2][-]{subsection.3.1.2}{\376\377\006\052\006\072\006\112\006\112\006\061\000\040\006\055\006\054\006\105\000\040\006\047\006\104\006\065\006\101\006\055\006\051}{section.3.1}% 26
\BOOKMARK [2][-]{subsection.3.1.3}{\376\377\006\052\006\072\006\112\006\112\006\061\000\040\006\106\006\105\006\067\000\040\006\047\006\104\006\065\006\101\006\055\006\051}{section.3.1}% 27
\BOOKMARK [2][-]{subsection.3.1.4}{\376\377\006\045\006\066\006\047\006\101\006\051\000\040\006\047\006\104\006\101\006\107\006\061\006\063}{section.3.1}% 28
\BOOKMARK [2][-]{subsection.3.1.5}{\376\377\006\047\006\104\006\101\006\065\006\110\006\104}{section.3.1}% 29
\BOOKMARK [2][-]{subsection.3.1.6}{\376\377\006\047\006\104\006\052\006\061\006\110\006\112\006\063\006\051\000\040\006\110\006\047\006\104\006\052\006\060\006\112\006\112\006\104\006\051}{section.3.1}% 30
\BOOKMARK [1][-]{section.3.2}{\376\377\006\047\006\104\006\056\006\104\006\047\006\065\006\051}{chapter.3}% 31
\BOOKMARK [0][-]{chapter.4}{\376\377\006\047\006\104\006\102\006\110\006\047\006\046\006\105}{}% 32
\BOOKMARK [1][-]{section.4.1}{\376\377\006\047\006\104\006\102\006\110\006\047\006\046\006\105\000\040\006\047\006\104\006\106\006\102\006\067\006\112\006\051}{chapter.4}% 33
\BOOKMARK [1][-]{section.4.2}{\376\377\006\047\006\104\006\102\006\110\006\047\006\046\006\105\000\040\006\047\006\104\006\071\006\057\006\057\006\112\006\051}{chapter.4}% 34
\BOOKMARK [1][-]{section.4.3}{\376\377\006\047\006\104\006\102\006\110\006\047\006\046\006\105\000\040\006\047\006\104\006\110\006\065\006\101\006\112\006\051}{chapter.4}% 35
\BOOKMARK [1][-]{section.4.4}{\376\377\006\052\006\050\006\067\006\112\006\106\000\040\006\047\006\104\006\102\006\110\006\047\006\046\006\105}{chapter.4}% 36
